Week3/app/build/intermediates/manifest_merge_blame_file/debug/manifest-merger-blame-debug-report.txt
1<?xml version="1.0" encoding="utf-8"?>
2<manifest xmlns:android="http://schemas.android.com/apk/res/android"
3    package="com.example.drawingapp"
4    android:versionCode="1"
5    android:versionName="1.0" >
6
7    <uses-sdk
8        android:minSdkVersion="33"
9        android:targetSdkVersion="33" />
10
11    <uses-permission android:name="android.permission.REORDER_TASKS" />
11-->[androidx.fragment:fragment-testing-manifest:1.6.1] AndroidManifest.xml:23:5-72
11-->[androidx.fragment:fragment-testing-manifest:1.6.1] AndroidManifest.xml:23:22-69
12
13    <permission
13-->[androidx.core:core:1.10.1] AndroidManifest.xml:22:5-24:47
14        android:name="com.example.drawingapp.DYNAMIC_RECEIVER_NOT_EXPORTED_PERMISSION"
14-->[androidx.core:core:1.10.1] AndroidManifest.xml:23:9-81
15        android:protectionLevel="signature" />
15-->[androidx.core:core:1.10.1] AndroidManifest.xml:24:9-44
16
17    <uses-permission android:name="com.example.drawingapp.DYNAMIC_RECEIVER_NOT_EXPORTED_PERMISSION" />
17-->[androidx.core:core:1.10.1] AndroidManifest.xml:26:5-97
17-->[androidx.core:core:1.10.1] AndroidManifest.xml:26:22-94
18
19    <application
19-->src/main/AndroidManifest.xml:5:5-42:19
20        android:name="com.example.drawingapp.DrawingApplication"
20-->src/main/AndroidManifest.xml:6:9-43
21        android:allowBackup="true"
21-->src/main/AndroidManifest.xml:7:9-35
22        android:appComponentFactory="androidx.core.app.CoreComponentFactory"
22-->[androidx.core:core:1.10.1] AndroidManifest.xml:28:18-86
23        android:dataExtractionRules="@xml/data_extraction_rules"
23-->src/main/AndroidManifest.xml:8:9-65
24        android:debuggable="true"
25        android:extractNativeLibs="false"
26        android:fullBackupContent="@xml/backup_rules"
26-->src/main/AndroidManifest.xml:9:9-54
27        android:icon="@mipmap/ic_launcher"
27-->src/main/AndroidManifest.xml:10:9-43
28        android:label="@string/app_name"
28-->src/main/AndroidManifest.xml:11:9-41
29        android:roundIcon="@mipmap/ic_launcher_round"
29-->src/main/AndroidManifest.xml:12:9-54
30        android:supportsRtl="true"
30-->src/main/AndroidManifest.xml:13:9-35
31        android:testOnly="true"
32        android:theme="@style/Theme.Phase1" >
32-->src/main/AndroidManifest.xml:14:9-44
33        <activity
33-->src/main/AndroidManifest.xml:17:9-25:20
34            android:name="com.example.drawingapp.SplashActivity"
34-->src/main/AndroidManifest.xml:18:13-65
35            android:exported="true"
35-->src/main/AndroidManifest.xml:19:13-36
36            android:theme="@style/SplashTheme" >
36-->src/main/AndroidManifest.xml:20:13-47
37            <intent-filter>
37-->src/main/AndroidManifest.xml:21:13-24:29
38                <action android:name="android.intent.action.MAIN" />
38-->src/main/AndroidManifest.xml:22:17-69
38-->src/main/AndroidManifest.xml:22:25-66
39
40                <category android:name="android.intent.category.LAUNCHER" />
40-->src/main/AndroidManifest.xml:23:17-77
40-->src/main/AndroidManifest.xml:23:27-74
41            </intent-filter>
42        </activity>
43        <activity
43-->src/main/AndroidManifest.xml:27:9-30:20
44            android:name="com.example.drawingapp.MainActivity"
44-->src/main/AndroidManifest.xml:28:13-63
45            android:exported="true" >
45-->src/main/AndroidManifest.xml:29:13-36
46        </activity>
47
48        <meta-data
48-->src/main/AndroidManifest.xml:32:9-34:47
49            android:name="com.google.android.actions"
49-->src/main/AndroidManifest.xml:33:13-54
50            android:resource="@xml/actions" />
50-->src/main/AndroidManifest.xml:34:13-44
51
52        <!-- EmptyFragmentActivity for testing -->
53        <activity
53-->src/main/AndroidManifest.xml:37:9-41:62
54            android:name="androidx.fragment.app.testing.EmptyFragmentActivity"
54-->src/main/AndroidManifest.xml:38:13-79
55            android:exported="false"
55-->src/main/AndroidManifest.xml:39:13-37
56            android:multiprocess="true"
56-->[androidx.fragment:fragment-testing-manifest:1.6.1] AndroidManifest.xml:29:13-40
57            android:taskAffinity=""
57-->[androidx.fragment:fragment-testing-manifest:1.6.1] AndroidManifest.xml:30:13-36
58            android:theme="@android:style/Theme.Material.Light" >
58-->src/main/AndroidManifest.xml:40:13-64
59            <intent-filter>
59-->[androidx.fragment:fragment-testing-manifest:1.6.1] AndroidManifest.xml:32:13-34:29
60                <action android:name="android.intent.action.MAIN" />
60-->src/main/AndroidManifest.xml:22:17-69
60-->src/main/AndroidManifest.xml:22:25-66
61            </intent-filter>
62        </activity>
63        <activity
63-->[androidx.test:core:1.5.0] AndroidManifest.xml:27:9-34:20
64            android:name="androidx.test.core.app.InstrumentationActivityInvoker$BootstrapActivity"
64-->[androidx.test:core:1.5.0] AndroidManifest.xml:28:13-99
65            android:exported="true"
65-->[androidx.test:core:1.5.0] AndroidManifest.xml:29:13-36
66            android:theme="@style/WhiteBackgroundTheme" >
66-->[androidx.test:core:1.5.0] AndroidManifest.xml:30:13-56
67            <intent-filter android:priority="-100" >
67-->[androidx.test:core:1.5.0] AndroidManifest.xml:31:13-33:29
67-->[androidx.test:core:1.5.0] AndroidManifest.xml:31:28-51
68                <category android:name="android.intent.category.LAUNCHER" />
68-->src/main/AndroidManifest.xml:23:17-77
68-->src/main/AndroidManifest.xml:23:27-74
69            </intent-filter>
70        </activity>
71        <activity
71-->[androidx.test:core:1.5.0] AndroidManifest.xml:35:9-42:20
72            android:name="androidx.test.core.app.InstrumentationActivityInvoker$EmptyActivity"
72-->[androidx.test:core:1.5.0] AndroidManifest.xml:36:13-95
73            android:exported="true"
73-->[androidx.test:core:1.5.0] AndroidManifest.xml:37:13-36
74            android:theme="@style/WhiteBackgroundTheme" >
74-->[androidx.test:core:1.5.0] AndroidManifest.xml:38:13-56
75            <intent-filter android:priority="-100" >
75-->[androidx.test:core:1.5.0] AndroidManifest.xml:31:13-33:29
75-->[androidx.test:core:1.5.0] AndroidManifest.xml:31:28-51
76                <category android:name="android.intent.category.LAUNCHER" />
76-->src/main/AndroidManifest.xml:23:17-77
76-->src/main/AndroidManifest.xml:23:27-74
77            </intent-filter>
78        </activity>
79        <activity
79-->[androidx.test:core:1.5.0] AndroidManifest.xml:43:9-50:20
80            android:name="androidx.test.core.app.InstrumentationActivityInvoker$EmptyFloatingActivity"
80-->[androidx.test:core:1.5.0] AndroidManifest.xml:44:13-103
81            android:exported="true"
81-->[androidx.test:core:1.5.0] AndroidManifest.xml:45:13-36
82            android:theme="@style/WhiteBackgroundDialogTheme" >
82-->[androidx.test:core:1.5.0] AndroidManifest.xml:46:13-62
83            <intent-filter android:priority="-100" >
83-->[androidx.test:core:1.5.0] AndroidManifest.xml:31:13-33:29
83-->[androidx.test:core:1.5.0] AndroidManifest.xml:31:28-51
84                <category android:name="android.intent.category.LAUNCHER" />
84-->src/main/AndroidManifest.xml:23:17-77
84-->src/main/AndroidManifest.xml:23:27-74
85            </intent-filter>
86        </activity>
87
88        <provider
88-->[androidx.emoji2:emoji2:1.4.0] AndroidManifest.xml:24:9-32:20
89            android:name="androidx.startup.InitializationProvider"
89-->[androidx.emoji2:emoji2:1.4.0] AndroidManifest.xml:25:13-67
90            android:authorities="com.example.drawingapp.androidx-startup"
90-->[androidx.emoji2:emoji2:1.4.0] AndroidManifest.xml:26:13-68
91            android:exported="false" >
91-->[androidx.emoji2:emoji2:1.4.0] AndroidManifest.xml:27:13-37
92            <meta-data
92-->[androidx.emoji2:emoji2:1.4.0] AndroidManifest.xml:29:13-31:52
93                android:name="androidx.emoji2.text.EmojiCompatInitializer"
93-->[androidx.emoji2:emoji2:1.4.0] AndroidManifest.xml:30:17-75
94                android:value="androidx.startup" />
94-->[androidx.emoji2:emoji2:1.4.0] AndroidManifest.xml:31:17-49
95            <meta-data
95-->[androidx.lifecycle:lifecycle-process:2.6.1] AndroidManifest.xml:29:13-31:52
96                android:name="androidx.lifecycle.ProcessLifecycleInitializer"
96-->[androidx.lifecycle:lifecycle-process:2.6.1] AndroidManifest.xml:30:17-78
97                android:value="androidx.startup" />
97-->[androidx.lifecycle:lifecycle-process:2.6.1] AndroidManifest.xml:31:17-49
98            <meta-data
98-->[androidx.profileinstaller:profileinstaller:1.3.0] AndroidManifest.xml:29:13-31:52
99                android:name="androidx.profileinstaller.ProfileInstallerInitializer"
99-->[androidx.profileinstaller:profileinstaller:1.3.0] AndroidManifest.xml:30:17-85
100                android:value="androidx.startup" />
100-->[androidx.profileinstaller:profileinstaller:1.3.0] AndroidManifest.xml:31:17-49
101        </provider>
102
103        <service
103-->[androidx.room:room-runtime:2.4.2] AndroidManifest.xml:25:9-28:40
104            android:name="androidx.room.MultiInstanceInvalidationService"
104-->[androidx.room:room-runtime:2.4.2] AndroidManifest.xml:26:13-74
105            android:directBootAware="true"
105-->[androidx.room:room-runtime:2.4.2] AndroidManifest.xml:27:13-43
106            android:exported="false" />
106-->[androidx.room:room-runtime:2.4.2] AndroidManifest.xml:28:13-37
107
108        <receiver
108-->[androidx.profileinstaller:profileinstaller:1.3.0] AndroidManifest.xml:34:9-52:20
109            android:name="androidx.profileinstaller.ProfileInstallReceiver"
109-->[androidx.profileinstaller:profileinstaller:1.3.0] AndroidManifest.xml:35:13-76
110            android:directBootAware="false"
110-->[androidx.profileinstaller:profileinstaller:1.3.0] AndroidManifest.xml:36:13-44
111            android:enabled="true"
111-->[androidx.profileinstaller:profileinstaller:1.3.0] AndroidManifest.xml:37:13-35
112            android:exported="true"
112-->[androidx.profileinstaller:profileinstaller:1.3.0] AndroidManifest.xml:38:13-36
113            android:permission="android.permission.DUMP" >
113-->[androidx.profileinstaller:profileinstaller:1.3.0] AndroidManifest.xml:39:13-57
114            <intent-filter>
114-->[androidx.profileinstaller:profileinstaller:1.3.0] AndroidManifest.xml:40:13-42:29
115                <action android:name="androidx.profileinstaller.action.INSTALL_PROFILE" />
115-->[androidx.profileinstaller:profileinstaller:1.3.0] AndroidManifest.xml:41:17-91
115-->[androidx.profileinstaller:profileinstaller:1.3.0] AndroidManifest.xml:41:25-88
116            </intent-filter>
117            <intent-filter>
117-->[androidx.profileinstaller:profileinstaller:1.3.0] AndroidManifest.xml:43:13-45:29
118                <action android:name="androidx.profileinstaller.action.SKIP_FILE" />
118-->[androidx.profileinstaller:profileinstaller:1.3.0] AndroidManifest.xml:44:17-85
118-->[androidx.profileinstaller:profileinstaller:1.3.0] AndroidManifest.xml:44:25-82
119            </intent-filter>
120            <intent-filter>
120-->[androidx.profileinstaller:profileinstaller:1.3.0] AndroidManifest.xml:46:13-48:29
121                <action android:name="androidx.profileinstaller.action.SAVE_PROFILE" />
121-->[androidx.profileinstaller:profileinstaller:1.3.0] AndroidManifest.xml:47:17-88
121-->[androidx.profileinstaller:profileinstaller:1.3.0] AndroidManifest.xml:47:25-85
122            </intent-filter>
123            <intent-filter>
123-->[androidx.profileinstaller:profileinstaller:1.3.0] AndroidManifest.xml:49:13-51:29
124                <action android:name="androidx.profileinstaller.action.BENCHMARK_OPERATION" />
124-->[androidx.profileinstaller:profileinstaller:1.3.0] AndroidManifest.xml:50:17-95
124-->[androidx.profileinstaller:profileinstaller:1.3.0] AndroidManifest.xml:50:25-92
125            </intent-filter>
126        </receiver>
127    </application>
128
129</manifest>